[debug] [2022-10-13T03:47:24.120Z] ----------------------------------------------------------------------
[debug] [2022-10-13T03:47:24.122Z] Command:       /home/mohammad/.nvm/versions/node/v16.14.0/bin/node /home/mohammad/.nvm/versions/node/v16.14.0/bin/firebase init hosting
[debug] [2022-10-13T03:47:24.123Z] CLI Version:   11.14.2
[debug] [2022-10-13T03:47:24.123Z] Platform:      linux
[debug] [2022-10-13T03:47:24.124Z] Node Version:  v16.14.0
[debug] [2022-10-13T03:47:24.124Z] Time:          Thu Oct 13 2022 07:17:24 GMT+0330 (Iran Standard Time)
[debug] [2022-10-13T03:47:24.124Z] ----------------------------------------------------------------------
[debug] 
[debug] [2022-10-13T03:47:24.133Z] > command requires scopes: ["email","openid","https://www.googleapis.com/auth/cloudplatformprojects.readonly","https://www.googleapis.com/auth/firebase","https://www.googleapis.com/auth/cloud-platform"]
[debug] [2022-10-13T03:47:24.133Z] > authorizing via signed-in user (mirfatemi7@gmail.com)
[info] 
     ######## #### ########  ######## ########     ###     ######  ########
     ##        ##  ##     ## ##       ##     ##  ##   ##  ##       ##
     ######    ##  ########  ######   ########  #########  ######  ######
     ##        ##  ##    ##  ##       ##     ## ##     ##       ## ##
     ##       #### ##     ## ######## ########  ##     ##  ######  ########

You're about to initialize a Firebase project in this directory:

  /home/mohammad/Desktop/cyberyab-landing

[info] 
=== Project Setup
[info] 
[info] First, let's associate this project directory with a Firebase project.
[info] You can create multiple project aliases by running firebase use --add, 
[info] but for now we'll just set up a default project.
[info] 
[debug] [2022-10-13T03:47:25.593Z] >>> [apiv2][query] GET https://firebase.googleapis.com/v1beta1/projects pageSize=100
[debug] [2022-10-13T03:47:26.575Z] <<< [apiv2][status] GET https://firebase.googleapis.com/v1beta1/projects 200
[debug] [2022-10-13T03:47:26.575Z] <<< [apiv2][body] GET https://firebase.googleapis.com/v1beta1/projects [omitted]
[info] i  Using project sayberyab (Sayberyab) 
[info] 
=== Hosting Setup
[info] 
[info] Your public directory is the folder (relative to your project directory) that
[info] will contain Hosting assets to be uploaded with firebase deploy. If you
[info] have a build process for your assets, use your build's output directory.
[info] 
[info] ✔  Wrote public/404.html 
[debug] [2022-10-13T03:48:08.042Z] >>> [apiv2][query] GET https://www.gstatic.com/firebasejs/releases.json [none]
[debug] [2022-10-13T03:48:08.698Z] <<< [apiv2][status] GET https://www.gstatic.com/firebasejs/releases.json 200
[debug] [2022-10-13T03:48:08.698Z] <<< [apiv2][body] GET https://www.gstatic.com/firebasejs/releases.json {"current":{"version":"9.12.1","browserURL":"https://www.gstatic.com/firebasejs/9.12.1/firebase.js","packageURL":"https://www.gstatic.com/firebasejs/9.12.1/firebase.tgz"},"live":{"version":"9.12","browserURL":"https://www.gstatic.com/firebasejs/live/9.12/firebase.js","packageURL":"https://www.gstatic.com/firebasejs/live/9.12/firebase.tgz"},"components":{"analytics":"https://www.gstatic.com/firebasejs/9.12.1/firebase-analytics.js","app":"https://www.gstatic.com/firebasejs/9.12.1/firebase-app.js","app-check":"https://www.gstatic.com/firebasejs/9.12.1/firebase-app-check.js","auth":"https://www.gstatic.com/firebasejs/9.12.1/firebase-auth.js","auth/cordova":"https://www.gstatic.com/firebasejs/9.12.1/firebase-auth/cordova.js","auth/react-native":"https://www.gstatic.com/firebasejs/9.12.1/firebase-auth/react-native.js","functions":"https://www.gstatic.com/firebasejs/9.12.1/firebase-functions.js","firestore":"https://www.gstatic.com/firebasejs/9.12.1/firebase-firestore.js","firestore/lite":"https://www.gstatic.com/firebasejs/9.12.1/firebase-firestore/lite.js","installations":"https://www.gstatic.com/firebasejs/9.12.1/firebase-installations.js","storage":"https://www.gstatic.com/firebasejs/9.12.1/firebase-storage.js","performance":"https://www.gstatic.com/firebasejs/9.12.1/firebase-performance.js","remote-config":"https://www.gstatic.com/firebasejs/9.12.1/firebase-remote-config.js","messaging":"https://www.gstatic.com/firebasejs/9.12.1/firebase-messaging.js","messaging/sw":"https://www.gstatic.com/firebasejs/9.12.1/firebase-messaging/sw.js","database":"https://www.gstatic.com/firebasejs/9.12.1/firebase-database.js","firestore.memory":"https://www.gstatic.com/firebasejs/9.12.1/firebase-firestore.memory.js"}}
[info] ✔  Wrote public/index.html 
[info] 
[info] i  Detected a .git folder at /home/mohammad/Desktop/cyberyab-landing 
[info] i  Authorizing with GitHub to upload your service account to a GitHub repository's secrets store. 
[info] 
[info] Visit this URL on this device to log in:
[info] https://github.com/login/oauth/authorize?client_id=89cf50f02ac6aaed3484&state=956055580&redirect_uri=http%3A%2F%2Flocalhost%3A9005&scope=read%3Auser%20repo%20public_repo
[info] 
[info] Waiting for authentication...
[debug] [2022-10-13T03:48:18.680Z] >>> [apiv2][query] POST https://github.com/login/oauth/access_token [none]
[debug] [2022-10-13T03:48:18.681Z] >>> [apiv2][body] POST https://github.com/login/oauth/access_token [stream]
[debug] [2022-10-13T03:48:19.641Z] <<< [apiv2][status] POST https://github.com/login/oauth/access_token 200
[debug] [2022-10-13T03:48:19.641Z] <<< [apiv2][body] POST https://github.com/login/oauth/access_token {"access_token":"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","token_type":"bearer","scope":"read:user,repo"}
[debug] [2022-10-13T03:48:19.655Z] >>> [apiv2][query] GET https://api.github.com/user [none]
[debug] [2022-10-13T03:48:20.716Z] <<< [apiv2][status] GET https://api.github.com/user 200
[debug] [2022-10-13T03:48:20.716Z] <<< [apiv2][body] GET https://api.github.com/user {"login":"kiumad","id":29664113,"node_id":"MDQ6VXNlcjI5NjY0MTEz","avatar_url":"https://avatars.githubusercontent.com/u/29664113?v=4","gravatar_id":"","url":"https://api.github.com/users/kiumad","html_url":"https://github.com/kiumad","followers_url":"https://api.github.com/users/kiumad/followers","following_url":"https://api.github.com/users/kiumad/following{/other_user}","gists_url":"https://api.github.com/users/kiumad/gists{/gist_id}","starred_url":"https://api.github.com/users/kiumad/starred{/owner}{/repo}","subscriptions_url":"https://api.github.com/users/kiumad/subscriptions","organizations_url":"https://api.github.com/users/kiumad/orgs","repos_url":"https://api.github.com/users/kiumad/repos","events_url":"https://api.github.com/users/kiumad/events{/privacy}","received_events_url":"https://api.github.com/users/kiumad/received_events","type":"User","site_admin":false,"name":"Mohammad Mirfatemi","company":"Yektanet","blog":"mirfatemi.ir","location":"Tehran","email":"mirfatemi7@gmail.com","hireable":true,"bio":"Frontend Developer","twitter_username":"kiumad","public_repos":9,"public_gists":0,"followers":22,"following":17,"created_at":"2017-06-23T18:05:10Z","updated_at":"2022-09-17T09:10:00Z","private_gists":0,"total_private_repos":19,"owned_private_repos":19,"disk_usage":555069,"collaborators":1,"two_factor_authentication":false,"plan":{"name":"free","space":976562499,"collaborators":0,"private_repos":10000}}
[info] 
[info] ✔  Success! Logged into GitHub as kiumad 
[info] 
